{"__type":"$$EventMessageAudit","id":"14799605-b1f6-43d0-978a-ff0f89eb4332","ts":"2025-10-16T14:25:54.199+00:00","eventName":"n8n.audit.workflow.created","message":"n8n.audit.workflow.created","payload":{"userId":"502c1d89-fd0c-4087-b639-7a8bd12754a8","_email":"laytonjhon0@gmail.com","_firstName":"Brandon","_lastName":"Layton","globalRole":"global:owner","workflowId":"U8h3AvWq3o5a744S","workflowName":"My workflow"}}
{"__type":"$$EventMessageConfirm","confirm":"14799605-b1f6-43d0-978a-ff0f89eb4332","ts":"2025-10-16T14:25:54.249+00:00","source":{"id":"0","name":"eventBus"}}
{"__type":"$$EventMessageWorkflow","id":"60228f2a-c4fe-4658-850c-f8ebe55401a7","ts":"2025-10-16T14:26:20.619+00:00","eventName":"n8n.workflow.started","message":"n8n.workflow.started","payload":{"executionId":"1","workflowId":"U8h3AvWq3o5a744S","isManual":false,"workflowName":"My workflow"}}
{"__type":"$$EventMessageConfirm","confirm":"60228f2a-c4fe-4658-850c-f8ebe55401a7","ts":"2025-10-16T14:26:20.635+00:00","source":{"id":"0","name":"eventBus"}}
{"__type":"$$EventMessageNode","id":"567cbc35-2ead-470c-bb13-5c9002dd0e0d","ts":"2025-10-16T14:26:21.502+00:00","eventName":"n8n.node.started","message":"n8n.node.started","payload":{"workflowId":"U8h3AvWq3o5a744S","workflowName":"My workflow","executionId":"1","nodeType":"n8n-nodes-base.scheduleTrigger","nodeName":"Schedule Trigger","nodeId":"55b7430f-1d1b-43ed-a905-99b964ddae88"}}
{"__type":"$$EventMessageConfirm","confirm":"567cbc35-2ead-470c-bb13-5c9002dd0e0d","ts":"2025-10-16T14:26:21.502+00:00","source":{"id":"0","name":"eventBus"}}
{"__type":"$$EventMessageNode","id":"29863db2-c55f-43e0-998f-2b3e6c52f196","ts":"2025-10-16T14:26:22.251+00:00","eventName":"n8n.node.finished","message":"n8n.node.finished","payload":{"workflowId":"U8h3AvWq3o5a744S","workflowName":"My workflow","executionId":"1","nodeType":"n8n-nodes-base.scheduleTrigger","nodeName":"Schedule Trigger","nodeId":"55b7430f-1d1b-43ed-a905-99b964ddae88"}}
{"__type":"$$EventMessageConfirm","confirm":"29863db2-c55f-43e0-998f-2b3e6c52f196","ts":"2025-10-16T14:26:22.252+00:00","source":{"id":"0","name":"eventBus"}}
{"__type":"$$EventMessageNode","id":"4e3476ce-6a08-4c0d-987a-14318d31b2b3","ts":"2025-10-16T14:26:22.285+00:00","eventName":"n8n.node.started","message":"n8n.node.started","payload":{"workflowId":"U8h3AvWq3o5a744S","workflowName":"My workflow","executionId":"1","nodeType":"n8n-nodes-base.httpRequest","nodeName":"HTTP Request","nodeId":"4c35e09c-0f00-47fd-8965-7776cb24c497"}}
{"__type":"$$EventMessageConfirm","confirm":"4e3476ce-6a08-4c0d-987a-14318d31b2b3","ts":"2025-10-16T14:26:22.285+00:00","source":{"id":"0","name":"eventBus"}}
{"__type":"$$EventMessageNode","id":"9c2ef2cf-79f9-4920-98ba-1d5548566d2d","ts":"2025-10-16T14:26:36.128+00:00","eventName":"n8n.node.finished","message":"n8n.node.finished","payload":{"workflowId":"U8h3AvWq3o5a744S","workflowName":"My workflow","executionId":"1","nodeType":"n8n-nodes-base.httpRequest","nodeName":"HTTP Request","nodeId":"4c35e09c-0f00-47fd-8965-7776cb24c497"}}
{"__type":"$$EventMessageConfirm","confirm":"9c2ef2cf-79f9-4920-98ba-1d5548566d2d","ts":"2025-10-16T14:26:36.128+00:00","source":{"id":"0","name":"eventBus"}}
{"__type":"$$EventMessageWorkflow","id":"4344dbff-079b-4564-9ff6-5715320f9cf3","ts":"2025-10-16T14:26:36.325+00:00","eventName":"n8n.workflow.failed","message":"n8n.workflow.failed","payload":{"userId":"502c1d89-fd0c-4087-b639-7a8bd12754a8","executionId":"1","success":false,"isManual":true,"workflowId":"U8h3AvWq3o5a744S","workflowName":"My workflow","lastNodeExecuted":"HTTP Request","errorNodeType":"n8n-nodes-base.httpRequest","errorMessage":"Forbidden - perhaps check your credentials?"}}
{"__type":"$$EventMessageConfirm","confirm":"4344dbff-079b-4564-9ff6-5715320f9cf3","ts":"2025-10-16T14:26:36.325+00:00","source":{"id":"0","name":"eventBus"}}
{"__type":"$$EventMessageWorkflow","id":"fcda5888-ca28-4f13-9dcc-f68442ffd486","ts":"2025-10-16T14:28:04.891+00:00","eventName":"n8n.workflow.started","message":"n8n.workflow.started","payload":{"executionId":"2","workflowId":"U8h3AvWq3o5a744S","isManual":false,"workflowName":"My workflow"}}
{"__type":"$$EventMessageConfirm","confirm":"fcda5888-ca28-4f13-9dcc-f68442ffd486","ts":"2025-10-16T14:28:04.901+00:00","source":{"id":"0","name":"eventBus"}}
{"__type":"$$EventMessageNode","id":"3083b792-d400-4e3b-8e60-16b973ecc978","ts":"2025-10-16T14:28:04.905+00:00","eventName":"n8n.node.started","message":"n8n.node.started","payload":{"workflowId":"U8h3AvWq3o5a744S","workflowName":"My workflow","executionId":"2","nodeType":"n8n-nodes-base.httpRequest","nodeName":"HTTP Request","nodeId":"4c35e09c-0f00-47fd-8965-7776cb24c497"}}
{"__type":"$$EventMessageConfirm","confirm":"3083b792-d400-4e3b-8e60-16b973ecc978","ts":"2025-10-16T14:28:04.905+00:00","source":{"id":"0","name":"eventBus"}}
{"__type":"$$EventMessageNode","id":"fdd2113d-3ba5-401d-b7bf-72e312487783","ts":"2025-10-16T14:28:09.136+00:00","eventName":"n8n.node.finished","message":"n8n.node.finished","payload":{"workflowId":"U8h3AvWq3o5a744S","workflowName":"My workflow","executionId":"2","nodeType":"n8n-nodes-base.httpRequest","nodeName":"HTTP Request","nodeId":"4c35e09c-0f00-47fd-8965-7776cb24c497"}}
{"__type":"$$EventMessageConfirm","confirm":"fdd2113d-3ba5-401d-b7bf-72e312487783","ts":"2025-10-16T14:28:09.137+00:00","source":{"id":"0","name":"eventBus"}}
{"__type":"$$EventMessageWorkflow","id":"60bd6da1-3788-4a60-8c6f-ed9223754daf","ts":"2025-10-16T14:28:09.411+00:00","eventName":"n8n.workflow.failed","message":"n8n.workflow.failed","payload":{"userId":"502c1d89-fd0c-4087-b639-7a8bd12754a8","executionId":"2","success":false,"isManual":true,"workflowId":"U8h3AvWq3o5a744S","workflowName":"My workflow","lastNodeExecuted":"HTTP Request","errorNodeType":"n8n-nodes-base.httpRequest","errorMessage":"Forbidden - perhaps check your credentials?"}}
{"__type":"$$EventMessageConfirm","confirm":"60bd6da1-3788-4a60-8c6f-ed9223754daf","ts":"2025-10-16T14:28:09.411+00:00","source":{"id":"0","name":"eventBus"}}
{"__type":"$$EventMessageWorkflow","id":"e324dc59-f4c8-4342-9361-eada904b0c56","ts":"2025-10-16T14:29:10.535+00:00","eventName":"n8n.workflow.started","message":"n8n.workflow.started","payload":{"executionId":"3","workflowId":"U8h3AvWq3o5a744S","isManual":false,"workflowName":"My workflow"}}
{"__type":"$$EventMessageConfirm","confirm":"e324dc59-f4c8-4342-9361-eada904b0c56","ts":"2025-10-16T14:29:10.550+00:00","source":{"id":"0","name":"eventBus"}}
{"__type":"$$EventMessageNode","id":"5d9a0622-993e-493f-a378-a794e006dae3","ts":"2025-10-16T14:29:10.585+00:00","eventName":"n8n.node.started","message":"n8n.node.started","payload":{"workflowId":"U8h3AvWq3o5a744S","workflowName":"My workflow","executionId":"3","nodeType":"n8n-nodes-base.httpRequest","nodeName":"HTTP Request","nodeId":"4c35e09c-0f00-47fd-8965-7776cb24c497"}}
{"__type":"$$EventMessageConfirm","confirm":"5d9a0622-993e-493f-a378-a794e006dae3","ts":"2025-10-16T14:29:10.585+00:00","source":{"id":"0","name":"eventBus"}}
{"__type":"$$EventMessageNode","id":"f83f4144-5f85-4d95-880a-3d4205977239","ts":"2025-10-16T14:29:15.888+00:00","eventName":"n8n.node.finished","message":"n8n.node.finished","payload":{"workflowId":"U8h3AvWq3o5a744S","workflowName":"My workflow","executionId":"3","nodeType":"n8n-nodes-base.httpRequest","nodeName":"HTTP Request","nodeId":"4c35e09c-0f00-47fd-8965-7776cb24c497"}}
{"__type":"$$EventMessageConfirm","confirm":"f83f4144-5f85-4d95-880a-3d4205977239","ts":"2025-10-16T14:29:15.888+00:00","source":{"id":"0","name":"eventBus"}}
{"__type":"$$EventMessageWorkflow","id":"481fbefa-c026-45c8-b56e-866c44a2c395","ts":"2025-10-16T14:29:16.203+00:00","eventName":"n8n.workflow.failed","message":"n8n.workflow.failed","payload":{"userId":"502c1d89-fd0c-4087-b639-7a8bd12754a8","executionId":"3","success":false,"isManual":true,"workflowId":"U8h3AvWq3o5a744S","workflowName":"My workflow","lastNodeExecuted":"HTTP Request","errorNodeType":"n8n-nodes-base.httpRequest","errorMessage":"Forbidden - perhaps check your credentials?"}}
{"__type":"$$EventMessageConfirm","confirm":"481fbefa-c026-45c8-b56e-866c44a2c395","ts":"2025-10-16T14:29:16.203+00:00","source":{"id":"0","name":"eventBus"}}
{"__type":"$$EventMessageWorkflow","id":"7d2c9edd-3239-4de9-9fa4-a810d62ab949","ts":"2025-10-16T14:34:21.093+00:00","eventName":"n8n.workflow.started","message":"n8n.workflow.started","payload":{"executionId":"4","workflowId":"U8h3AvWq3o5a744S","isManual":false,"workflowName":"My workflow"}}
{"__type":"$$EventMessageConfirm","confirm":"7d2c9edd-3239-4de9-9fa4-a810d62ab949","ts":"2025-10-16T14:34:21.108+00:00","source":{"id":"0","name":"eventBus"}}
{"__type":"$$EventMessageNode","id":"c6bd9159-eb34-4ae5-b225-70ce6c902ce0","ts":"2025-10-16T14:34:21.127+00:00","eventName":"n8n.node.started","message":"n8n.node.started","payload":{"workflowId":"U8h3AvWq3o5a744S","workflowName":"My workflow","executionId":"4","nodeType":"n8n-nodes-base.httpRequest","nodeName":"HTTP Request","nodeId":"4c35e09c-0f00-47fd-8965-7776cb24c497"}}
{"__type":"$$EventMessageConfirm","confirm":"c6bd9159-eb34-4ae5-b225-70ce6c902ce0","ts":"2025-10-16T14:34:21.127+00:00","source":{"id":"0","name":"eventBus"}}
{"__type":"$$EventMessageNode","id":"c7398109-731c-40f3-8422-95d31e17e2e8","ts":"2025-10-16T14:34:25.245+00:00","eventName":"n8n.node.finished","message":"n8n.node.finished","payload":{"workflowId":"U8h3AvWq3o5a744S","workflowName":"My workflow","executionId":"4","nodeType":"n8n-nodes-base.httpRequest","nodeName":"HTTP Request","nodeId":"4c35e09c-0f00-47fd-8965-7776cb24c497"}}
{"__type":"$$EventMessageConfirm","confirm":"c7398109-731c-40f3-8422-95d31e17e2e8","ts":"2025-10-16T14:34:25.246+00:00","source":{"id":"0","name":"eventBus"}}
{"__type":"$$EventMessageWorkflow","id":"83572b33-ae01-458a-b13b-660f9282bae9","ts":"2025-10-16T14:34:25.336+00:00","eventName":"n8n.workflow.failed","message":"n8n.workflow.failed","payload":{"userId":"502c1d89-fd0c-4087-b639-7a8bd12754a8","executionId":"4","success":false,"isManual":true,"workflowId":"U8h3AvWq3o5a744S","workflowName":"My workflow","lastNodeExecuted":"HTTP Request","errorNodeType":"n8n-nodes-base.httpRequest","errorMessage":"Forbidden - perhaps check your credentials?"}}
{"__type":"$$EventMessageConfirm","confirm":"83572b33-ae01-458a-b13b-660f9282bae9","ts":"2025-10-16T14:34:25.337+00:00","source":{"id":"0","name":"eventBus"}}
{"__type":"$$EventMessageWorkflow","id":"1ea934ea-4662-4239-82f9-12a7a6ea1810","ts":"2025-10-16T14:42:34.378+00:00","eventName":"n8n.workflow.started","message":"n8n.workflow.started","payload":{"executionId":"5","workflowId":"U8h3AvWq3o5a744S","isManual":false,"workflowName":"My workflow"}}
{"__type":"$$EventMessageConfirm","confirm":"1ea934ea-4662-4239-82f9-12a7a6ea1810","ts":"2025-10-16T14:42:34.386+00:00","source":{"id":"0","name":"eventBus"}}
{"__type":"$$EventMessageNode","id":"84cad0a3-3527-4883-ae2f-fa1df87aac66","ts":"2025-10-16T14:42:34.409+00:00","eventName":"n8n.node.started","message":"n8n.node.started","payload":{"workflowId":"U8h3AvWq3o5a744S","workflowName":"My workflow","executionId":"5","nodeType":"n8n-nodes-base.httpRequest","nodeName":"HTTP Request","nodeId":"4c35e09c-0f00-47fd-8965-7776cb24c497"}}
{"__type":"$$EventMessageConfirm","confirm":"84cad0a3-3527-4883-ae2f-fa1df87aac66","ts":"2025-10-16T14:42:34.409+00:00","source":{"id":"0","name":"eventBus"}}
{"__type":"$$EventMessageNode","id":"20824fba-4bc4-4085-90d8-514945cb66ab","ts":"2025-10-16T14:42:40.667+00:00","eventName":"n8n.node.finished","message":"n8n.node.finished","payload":{"workflowId":"U8h3AvWq3o5a744S","workflowName":"My workflow","executionId":"5","nodeType":"n8n-nodes-base.httpRequest","nodeName":"HTTP Request","nodeId":"4c35e09c-0f00-47fd-8965-7776cb24c497"}}
{"__type":"$$EventMessageConfirm","confirm":"20824fba-4bc4-4085-90d8-514945cb66ab","ts":"2025-10-16T14:42:40.667+00:00","source":{"id":"0","name":"eventBus"}}
{"__type":"$$EventMessageWorkflow","id":"2ea2bc19-cb3d-4fdb-8110-ec808517203b","ts":"2025-10-16T14:42:40.843+00:00","eventName":"n8n.workflow.success","message":"n8n.workflow.success","payload":{"userId":"502c1d89-fd0c-4087-b639-7a8bd12754a8","executionId":"5","success":true,"isManual":true,"workflowId":"U8h3AvWq3o5a744S","workflowName":"My workflow"}}
{"__type":"$$EventMessageConfirm","confirm":"2ea2bc19-cb3d-4fdb-8110-ec808517203b","ts":"2025-10-16T14:42:40.852+00:00","source":{"id":"0","name":"eventBus"}}
{"__type":"$$EventMessageWorkflow","id":"a2eb1ad6-a893-4044-94da-1a99a9ff5c7f","ts":"2025-10-16T14:46:19.992+00:00","eventName":"n8n.workflow.started","message":"n8n.workflow.started","payload":{"executionId":"6","workflowId":"U8h3AvWq3o5a744S","isManual":false,"workflowName":"My workflow"}}
{"__type":"$$EventMessageConfirm","confirm":"a2eb1ad6-a893-4044-94da-1a99a9ff5c7f","ts":"2025-10-16T14:46:20.007+00:00","source":{"id":"0","name":"eventBus"}}
{"__type":"$$EventMessageNode","id":"d4ba5579-7fc5-4536-a9b9-2792d75e7998","ts":"2025-10-16T14:46:20.036+00:00","eventName":"n8n.node.started","message":"n8n.node.started","payload":{"workflowId":"U8h3AvWq3o5a744S","workflowName":"My workflow","executionId":"6","nodeType":"n8n-nodes-base.httpRequest","nodeName":"HTTP Request","nodeId":"4c35e09c-0f00-47fd-8965-7776cb24c497"}}
{"__type":"$$EventMessageConfirm","confirm":"d4ba5579-7fc5-4536-a9b9-2792d75e7998","ts":"2025-10-16T14:46:20.040+00:00","source":{"id":"0","name":"eventBus"}}
{"__type":"$$EventMessageNode","id":"94d8d4a0-94e9-41a4-9b27-812a3943bf36","ts":"2025-10-16T14:46:23.542+00:00","eventName":"n8n.node.finished","message":"n8n.node.finished","payload":{"workflowId":"U8h3AvWq3o5a744S","workflowName":"My workflow","executionId":"6","nodeType":"n8n-nodes-base.httpRequest","nodeName":"HTTP Request","nodeId":"4c35e09c-0f00-47fd-8965-7776cb24c497"}}
{"__type":"$$EventMessageConfirm","confirm":"94d8d4a0-94e9-41a4-9b27-812a3943bf36","ts":"2025-10-16T14:46:23.542+00:00","source":{"id":"0","name":"eventBus"}}
{"__type":"$$EventMessageWorkflow","id":"804456b2-cb96-46c8-a125-5b7ade8bd958","ts":"2025-10-16T14:46:23.673+00:00","eventName":"n8n.workflow.success","message":"n8n.workflow.success","payload":{"userId":"502c1d89-fd0c-4087-b639-7a8bd12754a8","executionId":"6","success":true,"isManual":true,"workflowId":"U8h3AvWq3o5a744S","workflowName":"My workflow"}}
{"__type":"$$EventMessageConfirm","confirm":"804456b2-cb96-46c8-a125-5b7ade8bd958","ts":"2025-10-16T14:46:23.673+00:00","source":{"id":"0","name":"eventBus"}}
{"__type":"$$EventMessageWorkflow","id":"2a2ec6d7-b992-411a-92aa-78e021692c92","ts":"2025-10-16T14:49:03.546+00:00","eventName":"n8n.workflow.started","message":"n8n.workflow.started","payload":{"executionId":"7","workflowId":"U8h3AvWq3o5a744S","isManual":false,"workflowName":"My workflow"}}
{"__type":"$$EventMessageConfirm","confirm":"2a2ec6d7-b992-411a-92aa-78e021692c92","ts":"2025-10-16T14:49:03.558+00:00","source":{"id":"0","name":"eventBus"}}
{"__type":"$$EventMessageNode","id":"e584ad26-4d85-474b-af37-586f256ecc3e","ts":"2025-10-16T14:49:03.575+00:00","eventName":"n8n.node.started","message":"n8n.node.started","payload":{"workflowId":"U8h3AvWq3o5a744S","workflowName":"My workflow","executionId":"7","nodeType":"n8n-nodes-base.httpRequest","nodeName":"HTTP Request","nodeId":"4c35e09c-0f00-47fd-8965-7776cb24c497"}}
{"__type":"$$EventMessageConfirm","confirm":"e584ad26-4d85-474b-af37-586f256ecc3e","ts":"2025-10-16T14:49:03.577+00:00","source":{"id":"0","name":"eventBus"}}
{"__type":"$$EventMessageNode","id":"daadeb4a-5fce-418a-b578-533e54efe153","ts":"2025-10-16T14:49:04.697+00:00","eventName":"n8n.node.finished","message":"n8n.node.finished","payload":{"workflowId":"U8h3AvWq3o5a744S","workflowName":"My workflow","executionId":"7","nodeType":"n8n-nodes-base.httpRequest","nodeName":"HTTP Request","nodeId":"4c35e09c-0f00-47fd-8965-7776cb24c497"}}
{"__type":"$$EventMessageConfirm","confirm":"daadeb4a-5fce-418a-b578-533e54efe153","ts":"2025-10-16T14:49:04.697+00:00","source":{"id":"0","name":"eventBus"}}
{"__type":"$$EventMessageWorkflow","id":"b6ff0012-4c6b-4d18-960c-e6abe71d2bac","ts":"2025-10-16T14:49:04.734+00:00","eventName":"n8n.workflow.success","message":"n8n.workflow.success","payload":{"userId":"502c1d89-fd0c-4087-b639-7a8bd12754a8","executionId":"7","success":true,"isManual":true,"workflowId":"U8h3AvWq3o5a744S","workflowName":"My workflow"}}
{"__type":"$$EventMessageConfirm","confirm":"b6ff0012-4c6b-4d18-960c-e6abe71d2bac","ts":"2025-10-16T14:49:04.734+00:00","source":{"id":"0","name":"eventBus"}}
{"__type":"$$EventMessageWorkflow","id":"1dd30627-7094-43af-a4d8-7042a0bee19e","ts":"2025-10-16T14:49:34.324+00:00","eventName":"n8n.workflow.started","message":"n8n.workflow.started","payload":{"executionId":"8","workflowId":"U8h3AvWq3o5a744S","isManual":false,"workflowName":"My workflow"}}
{"__type":"$$EventMessageConfirm","confirm":"1dd30627-7094-43af-a4d8-7042a0bee19e","ts":"2025-10-16T14:49:34.330+00:00","source":{"id":"0","name":"eventBus"}}
{"__type":"$$EventMessageNode","id":"8ac7cb1f-d683-4f91-a575-bff5b4aebaf0","ts":"2025-10-16T14:49:34.334+00:00","eventName":"n8n.node.started","message":"n8n.node.started","payload":{"workflowId":"U8h3AvWq3o5a744S","workflowName":"My workflow","executionId":"8","nodeType":"n8n-nodes-base.httpRequest","nodeName":"HTTP Request","nodeId":"4c35e09c-0f00-47fd-8965-7776cb24c497"}}
{"__type":"$$EventMessageConfirm","confirm":"8ac7cb1f-d683-4f91-a575-bff5b4aebaf0","ts":"2025-10-16T14:49:34.334+00:00","source":{"id":"0","name":"eventBus"}}
{"__type":"$$EventMessageNode","id":"d0e36a75-2c9f-4e7f-a445-15e27fb2e59b","ts":"2025-10-16T14:49:37.685+00:00","eventName":"n8n.node.finished","message":"n8n.node.finished","payload":{"workflowId":"U8h3AvWq3o5a744S","workflowName":"My workflow","executionId":"8","nodeType":"n8n-nodes-base.httpRequest","nodeName":"HTTP Request","nodeId":"4c35e09c-0f00-47fd-8965-7776cb24c497"}}
{"__type":"$$EventMessageConfirm","confirm":"d0e36a75-2c9f-4e7f-a445-15e27fb2e59b","ts":"2025-10-16T14:49:37.685+00:00","source":{"id":"0","name":"eventBus"}}
{"__type":"$$EventMessageWorkflow","id":"2557ca08-7467-4ccd-8b6c-4d76d0baa5c0","ts":"2025-10-16T14:49:37.715+00:00","eventName":"n8n.workflow.success","message":"n8n.workflow.success","payload":{"userId":"502c1d89-fd0c-4087-b639-7a8bd12754a8","executionId":"8","success":true,"isManual":true,"workflowId":"U8h3AvWq3o5a744S","workflowName":"My workflow"}}
{"__type":"$$EventMessageConfirm","confirm":"2557ca08-7467-4ccd-8b6c-4d76d0baa5c0","ts":"2025-10-16T14:49:37.715+00:00","source":{"id":"0","name":"eventBus"}}
{"__type":"$$EventMessageWorkflow","id":"d7739de0-96a6-4de6-bb03-633ecf7ade53","ts":"2025-10-16T14:50:07.168+00:00","eventName":"n8n.workflow.started","message":"n8n.workflow.started","payload":{"executionId":"9","workflowId":"U8h3AvWq3o5a744S","isManual":false,"workflowName":"My workflow"}}
{"__type":"$$EventMessageConfirm","confirm":"d7739de0-96a6-4de6-bb03-633ecf7ade53","ts":"2025-10-16T14:50:07.169+00:00","source":{"id":"0","name":"eventBus"}}
{"__type":"$$EventMessageNode","id":"a9e581e8-1c1d-479b-a3aa-e409c09478ad","ts":"2025-10-16T14:50:07.177+00:00","eventName":"n8n.node.started","message":"n8n.node.started","payload":{"workflowId":"U8h3AvWq3o5a744S","workflowName":"My workflow","executionId":"9","nodeType":"n8n-nodes-base.httpRequest","nodeName":"HTTP Request","nodeId":"4c35e09c-0f00-47fd-8965-7776cb24c497"}}
{"__type":"$$EventMessageConfirm","confirm":"a9e581e8-1c1d-479b-a3aa-e409c09478ad","ts":"2025-10-16T14:50:07.178+00:00","source":{"id":"0","name":"eventBus"}}
{"__type":"$$EventMessageNode","id":"43e28821-b295-4647-ab66-6ec0c69a12d4","ts":"2025-10-16T14:50:08.828+00:00","eventName":"n8n.node.finished","message":"n8n.node.finished","payload":{"workflowId":"U8h3AvWq3o5a744S","workflowName":"My workflow","executionId":"9","nodeType":"n8n-nodes-base.httpRequest","nodeName":"HTTP Request","nodeId":"4c35e09c-0f00-47fd-8965-7776cb24c497"}}
{"__type":"$$EventMessageConfirm","confirm":"43e28821-b295-4647-ab66-6ec0c69a12d4","ts":"2025-10-16T14:50:08.829+00:00","source":{"id":"0","name":"eventBus"}}
{"__type":"$$EventMessageWorkflow","id":"11c5ece3-26d8-4cc0-9424-b45292523b2d","ts":"2025-10-16T14:50:08.910+00:00","eventName":"n8n.workflow.success","message":"n8n.workflow.success","payload":{"userId":"502c1d89-fd0c-4087-b639-7a8bd12754a8","executionId":"9","success":true,"isManual":true,"workflowId":"U8h3AvWq3o5a744S","workflowName":"My workflow"}}
{"__type":"$$EventMessageConfirm","confirm":"11c5ece3-26d8-4cc0-9424-b45292523b2d","ts":"2025-10-16T14:50:08.910+00:00","source":{"id":"0","name":"eventBus"}}
{"__type":"$$EventMessageWorkflow","id":"0f08653f-4a6a-4845-9976-bf8de3e686c9","ts":"2025-10-16T14:53:51.574+00:00","eventName":"n8n.workflow.started","message":"n8n.workflow.started","payload":{"executionId":"10","workflowId":"U8h3AvWq3o5a744S","isManual":false,"workflowName":"My workflow"}}
{"__type":"$$EventMessageConfirm","confirm":"0f08653f-4a6a-4845-9976-bf8de3e686c9","ts":"2025-10-16T14:53:51.590+00:00","source":{"id":"0","name":"eventBus"}}
{"__type":"$$EventMessageNode","id":"8ea78506-2886-4ccc-a8dc-c07856ecbe7f","ts":"2025-10-16T14:53:51.604+00:00","eventName":"n8n.node.started","message":"n8n.node.started","payload":{"workflowId":"U8h3AvWq3o5a744S","workflowName":"My workflow","executionId":"10","nodeType":"n8n-nodes-base.httpRequest","nodeName":"HTTP Request","nodeId":"4c35e09c-0f00-47fd-8965-7776cb24c497"}}
{"__type":"$$EventMessageConfirm","confirm":"8ea78506-2886-4ccc-a8dc-c07856ecbe7f","ts":"2025-10-16T14:53:51.619+00:00","source":{"id":"0","name":"eventBus"}}
{"__type":"$$EventMessageNode","id":"ee965cff-2fb2-403a-b9ba-c31b5dd0e30c","ts":"2025-10-16T14:53:54.378+00:00","eventName":"n8n.node.finished","message":"n8n.node.finished","payload":{"workflowId":"U8h3AvWq3o5a744S","workflowName":"My workflow","executionId":"10","nodeType":"n8n-nodes-base.httpRequest","nodeName":"HTTP Request","nodeId":"4c35e09c-0f00-47fd-8965-7776cb24c497"}}
{"__type":"$$EventMessageConfirm","confirm":"ee965cff-2fb2-403a-b9ba-c31b5dd0e30c","ts":"2025-10-16T14:53:54.378+00:00","source":{"id":"0","name":"eventBus"}}
{"__type":"$$EventMessageWorkflow","id":"96b15082-df7b-4177-ba84-545f04293a22","ts":"2025-10-16T14:53:54.525+00:00","eventName":"n8n.workflow.success","message":"n8n.workflow.success","payload":{"userId":"502c1d89-fd0c-4087-b639-7a8bd12754a8","executionId":"10","success":true,"isManual":true,"workflowId":"U8h3AvWq3o5a744S","workflowName":"My workflow"}}
{"__type":"$$EventMessageConfirm","confirm":"96b15082-df7b-4177-ba84-545f04293a22","ts":"2025-10-16T14:53:54.525+00:00","source":{"id":"0","name":"eventBus"}}
{"__type":"$$EventMessageWorkflow","id":"59dc7b1d-464e-4a21-b337-52c3588da67e","ts":"2025-10-16T14:57:15.358+00:00","eventName":"n8n.workflow.started","message":"n8n.workflow.started","payload":{"executionId":"11","workflowId":"U8h3AvWq3o5a744S","isManual":false,"workflowName":"My workflow"}}
{"__type":"$$EventMessageConfirm","confirm":"59dc7b1d-464e-4a21-b337-52c3588da67e","ts":"2025-10-16T14:57:15.371+00:00","source":{"id":"0","name":"eventBus"}}
{"__type":"$$EventMessageNode","id":"f3eafe31-bd1b-4342-9881-153111faee41","ts":"2025-10-16T14:57:15.397+00:00","eventName":"n8n.node.started","message":"n8n.node.started","payload":{"workflowId":"U8h3AvWq3o5a744S","workflowName":"My workflow","executionId":"11","nodeType":"n8n-nodes-base.manualTrigger","nodeName":"When clicking ‘Execute workflow’","nodeId":"f38d5fb2-132b-4a99-b852-6f4134abcf02"}}
{"__type":"$$EventMessageConfirm","confirm":"f3eafe31-bd1b-4342-9881-153111faee41","ts":"2025-10-16T14:57:15.397+00:00","source":{"id":"0","name":"eventBus"}}
{"__type":"$$EventMessageNode","id":"2bf46828-c92a-492f-bd7a-374987808a67","ts":"2025-10-16T14:57:15.724+00:00","eventName":"n8n.node.finished","message":"n8n.node.finished","payload":{"workflowId":"U8h3AvWq3o5a744S","workflowName":"My workflow","executionId":"11","nodeType":"n8n-nodes-base.manualTrigger","nodeName":"When clicking ‘Execute workflow’","nodeId":"f38d5fb2-132b-4a99-b852-6f4134abcf02"}}
{"__type":"$$EventMessageConfirm","confirm":"2bf46828-c92a-492f-bd7a-374987808a67","ts":"2025-10-16T14:57:15.727+00:00","source":{"id":"0","name":"eventBus"}}
{"__type":"$$EventMessageNode","id":"b165af10-6fbe-470f-8679-8578ff2ea728","ts":"2025-10-16T14:57:15.858+00:00","eventName":"n8n.node.started","message":"n8n.node.started","payload":{"workflowId":"U8h3AvWq3o5a744S","workflowName":"My workflow","executionId":"11","nodeType":"n8n-nodes-base.httpRequest","nodeName":"HTTP Request","nodeId":"4c35e09c-0f00-47fd-8965-7776cb24c497"}}
{"__type":"$$EventMessageConfirm","confirm":"b165af10-6fbe-470f-8679-8578ff2ea728","ts":"2025-10-16T14:57:15.878+00:00","source":{"id":"0","name":"eventBus"}}
{"__type":"$$EventMessageNode","id":"b7b6a9a8-8fa3-4cfd-be0e-0d77681adbe1","ts":"2025-10-16T14:57:20.060+00:00","eventName":"n8n.node.finished","message":"n8n.node.finished","payload":{"workflowId":"U8h3AvWq3o5a744S","workflowName":"My workflow","executionId":"11","nodeType":"n8n-nodes-base.httpRequest","nodeName":"HTTP Request","nodeId":"4c35e09c-0f00-47fd-8965-7776cb24c497"}}
{"__type":"$$EventMessageConfirm","confirm":"b7b6a9a8-8fa3-4cfd-be0e-0d77681adbe1","ts":"2025-10-16T14:57:20.060+00:00","source":{"id":"0","name":"eventBus"}}
{"__type":"$$EventMessageWorkflow","id":"af58ef37-34b1-4447-8d07-788c6bd7d2aa","ts":"2025-10-16T14:57:20.394+00:00","eventName":"n8n.workflow.success","message":"n8n.workflow.success","payload":{"userId":"502c1d89-fd0c-4087-b639-7a8bd12754a8","executionId":"11","success":true,"isManual":true,"workflowId":"U8h3AvWq3o5a744S","workflowName":"My workflow"}}
{"__type":"$$EventMessageConfirm","confirm":"af58ef37-34b1-4447-8d07-788c6bd7d2aa","ts":"2025-10-16T14:57:20.395+00:00","source":{"id":"0","name":"eventBus"}}
{"__type":"$$EventMessageWorkflow","id":"83e801ba-c386-41cd-a11f-977c7d6fd6e4","ts":"2025-10-16T15:02:10.080+00:00","eventName":"n8n.workflow.started","message":"n8n.workflow.started","payload":{"executionId":"12","workflowId":"U8h3AvWq3o5a744S","isManual":false,"workflowName":"My workflow"}}
{"__type":"$$EventMessageConfirm","confirm":"83e801ba-c386-41cd-a11f-977c7d6fd6e4","ts":"2025-10-16T15:02:10.112+00:00","source":{"id":"0","name":"eventBus"}}
{"__type":"$$EventMessageNode","id":"1da592b7-b713-4824-911b-0bd3a44f8753","ts":"2025-10-16T15:02:12.311+00:00","eventName":"n8n.node.started","message":"n8n.node.started","payload":{"workflowId":"U8h3AvWq3o5a744S","workflowName":"My workflow","executionId":"12","nodeType":"n8n-nodes-base.html","nodeName":"HTML","nodeId":"30007ce3-a9ca-4514-95cf-d8b41c84024f"}}
{"__type":"$$EventMessageConfirm","confirm":"1da592b7-b713-4824-911b-0bd3a44f8753","ts":"2025-10-16T15:02:12.319+00:00","source":{"id":"0","name":"eventBus"}}
{"__type":"$$EventMessageNode","id":"266b8a70-878d-45a4-bcc7-de39629e8944","ts":"2025-10-16T15:02:29.577+00:00","eventName":"n8n.node.finished","message":"n8n.node.finished","payload":{"workflowId":"U8h3AvWq3o5a744S","workflowName":"My workflow","executionId":"12","nodeType":"n8n-nodes-base.html","nodeName":"HTML","nodeId":"30007ce3-a9ca-4514-95cf-d8b41c84024f"}}
{"__type":"$$EventMessageConfirm","confirm":"266b8a70-878d-45a4-bcc7-de39629e8944","ts":"2025-10-16T15:02:29.588+00:00","source":{"id":"0","name":"eventBus"}}
{"__type":"$$EventMessageWorkflow","id":"7b4accc8-0eed-4d4b-af78-23e5ae6f0b17","ts":"2025-10-16T15:02:30.020+00:00","eventName":"n8n.workflow.success","message":"n8n.workflow.success","payload":{"userId":"502c1d89-fd0c-4087-b639-7a8bd12754a8","executionId":"12","success":true,"isManual":true,"workflowId":"U8h3AvWq3o5a744S","workflowName":"My workflow"}}
{"__type":"$$EventMessageConfirm","confirm":"7b4accc8-0eed-4d4b-af78-23e5ae6f0b17","ts":"2025-10-16T15:02:30.020+00:00","source":{"id":"0","name":"eventBus"}}
{"__type":"$$EventMessageWorkflow","id":"6d5c0491-f24d-4ee6-8f06-461e5593a2da","ts":"2025-10-16T15:03:41.943+00:00","eventName":"n8n.workflow.started","message":"n8n.workflow.started","payload":{"executionId":"13","workflowId":"U8h3AvWq3o5a744S","isManual":false,"workflowName":"My workflow"}}
{"__type":"$$EventMessageConfirm","confirm":"6d5c0491-f24d-4ee6-8f06-461e5593a2da","ts":"2025-10-16T15:03:41.955+00:00","source":{"id":"0","name":"eventBus"}}
{"__type":"$$EventMessageNode","id":"2a091424-dc7b-469b-9556-b53cef6ec9d1","ts":"2025-10-16T15:03:42.132+00:00","eventName":"n8n.node.started","message":"n8n.node.started","payload":{"workflowId":"U8h3AvWq3o5a744S","workflowName":"My workflow","executionId":"13","nodeType":"n8n-nodes-base.html","nodeName":"HTML","nodeId":"30007ce3-a9ca-4514-95cf-d8b41c84024f"}}
{"__type":"$$EventMessageConfirm","confirm":"2a091424-dc7b-469b-9556-b53cef6ec9d1","ts":"2025-10-16T15:03:42.133+00:00","source":{"id":"0","name":"eventBus"}}
{"__type":"$$EventMessageNode","id":"579b72cb-8f35-4b39-b113-cbacd3b8cfb0","ts":"2025-10-16T15:03:44.453+00:00","eventName":"n8n.node.finished","message":"n8n.node.finished","payload":{"workflowId":"U8h3AvWq3o5a744S","workflowName":"My workflow","executionId":"13","nodeType":"n8n-nodes-base.html","nodeName":"HTML","nodeId":"30007ce3-a9ca-4514-95cf-d8b41c84024f"}}
{"__type":"$$EventMessageConfirm","confirm":"579b72cb-8f35-4b39-b113-cbacd3b8cfb0","ts":"2025-10-16T15:03:44.453+00:00","source":{"id":"0","name":"eventBus"}}
{"__type":"$$EventMessageWorkflow","id":"e20e8f65-fc2a-452a-bc54-e5eedf3eef5f","ts":"2025-10-16T15:03:46.007+00:00","eventName":"n8n.workflow.success","message":"n8n.workflow.success","payload":{"userId":"502c1d89-fd0c-4087-b639-7a8bd12754a8","executionId":"13","success":true,"isManual":true,"workflowId":"U8h3AvWq3o5a744S","workflowName":"My workflow"}}
{"__type":"$$EventMessageConfirm","confirm":"e20e8f65-fc2a-452a-bc54-e5eedf3eef5f","ts":"2025-10-16T15:03:46.008+00:00","source":{"id":"0","name":"eventBus"}}
{"__type":"$$EventMessageWorkflow","id":"cf128580-ecac-44ca-8c90-148539012a68","ts":"2025-10-16T15:05:48.554+00:00","eventName":"n8n.workflow.started","message":"n8n.workflow.started","payload":{"executionId":"14","workflowId":"U8h3AvWq3o5a744S","isManual":false,"workflowName":"My workflow"}}
{"__type":"$$EventMessageConfirm","confirm":"cf128580-ecac-44ca-8c90-148539012a68","ts":"2025-10-16T15:05:48.592+00:00","source":{"id":"0","name":"eventBus"}}
{"__type":"$$EventMessageNode","id":"909eb4d4-fa88-4c4b-8651-5d94902b0b38","ts":"2025-10-16T15:05:48.843+00:00","eventName":"n8n.node.started","message":"n8n.node.started","payload":{"workflowId":"U8h3AvWq3o5a744S","workflowName":"My workflow","executionId":"14","nodeType":"n8n-nodes-base.html","nodeName":"HTML","nodeId":"30007ce3-a9ca-4514-95cf-d8b41c84024f"}}
{"__type":"$$EventMessageConfirm","confirm":"909eb4d4-fa88-4c4b-8651-5d94902b0b38","ts":"2025-10-16T15:05:48.843+00:00","source":{"id":"0","name":"eventBus"}}
{"__type":"$$EventMessageNode","id":"277c7f23-aee1-438a-9fa0-929e14ccf1e7","ts":"2025-10-16T15:05:50.265+00:00","eventName":"n8n.node.finished","message":"n8n.node.finished","payload":{"workflowId":"U8h3AvWq3o5a744S","workflowName":"My workflow","executionId":"14","nodeType":"n8n-nodes-base.html","nodeName":"HTML","nodeId":"30007ce3-a9ca-4514-95cf-d8b41c84024f"}}
{"__type":"$$EventMessageConfirm","confirm":"277c7f23-aee1-438a-9fa0-929e14ccf1e7","ts":"2025-10-16T15:05:50.265+00:00","source":{"id":"0","name":"eventBus"}}
{"__type":"$$EventMessageWorkflow","id":"c474f5a7-f257-4943-a8e4-eb0ff78086f4","ts":"2025-10-16T15:05:50.417+00:00","eventName":"n8n.workflow.success","message":"n8n.workflow.success","payload":{"userId":"502c1d89-fd0c-4087-b639-7a8bd12754a8","executionId":"14","success":true,"isManual":true,"workflowId":"U8h3AvWq3o5a744S","workflowName":"My workflow"}}
{"__type":"$$EventMessageConfirm","confirm":"c474f5a7-f257-4943-a8e4-eb0ff78086f4","ts":"2025-10-16T15:05:50.417+00:00","source":{"id":"0","name":"eventBus"}}
{"__type":"$$EventMessageWorkflow","id":"d666cda2-e802-43e7-9759-23e0e6a1853e","ts":"2025-10-16T15:07:06.137+00:00","eventName":"n8n.workflow.started","message":"n8n.workflow.started","payload":{"executionId":"15","workflowId":"U8h3AvWq3o5a744S","isManual":false,"workflowName":"My workflow"}}
{"__type":"$$EventMessageConfirm","confirm":"d666cda2-e802-43e7-9759-23e0e6a1853e","ts":"2025-10-16T15:07:06.167+00:00","source":{"id":"0","name":"eventBus"}}
{"__type":"$$EventMessageNode","id":"0c7d4492-dc75-48c5-9b4e-4698b889fff7","ts":"2025-10-16T15:07:06.343+00:00","eventName":"n8n.node.started","message":"n8n.node.started","payload":{"workflowId":"U8h3AvWq3o5a744S","workflowName":"My workflow","executionId":"15","nodeType":"n8n-nodes-base.html","nodeName":"HTML","nodeId":"30007ce3-a9ca-4514-95cf-d8b41c84024f"}}
{"__type":"$$EventMessageConfirm","confirm":"0c7d4492-dc75-48c5-9b4e-4698b889fff7","ts":"2025-10-16T15:07:06.352+00:00","source":{"id":"0","name":"eventBus"}}
{"__type":"$$EventMessageNode","id":"ae8953b0-4e4c-40eb-a03a-6ef462b52ada","ts":"2025-10-16T15:07:10.940+00:00","eventName":"n8n.node.finished","message":"n8n.node.finished","payload":{"workflowId":"U8h3AvWq3o5a744S","workflowName":"My workflow","executionId":"15","nodeType":"n8n-nodes-base.html","nodeName":"HTML","nodeId":"30007ce3-a9ca-4514-95cf-d8b41c84024f"}}
{"__type":"$$EventMessageConfirm","confirm":"ae8953b0-4e4c-40eb-a03a-6ef462b52ada","ts":"2025-10-16T15:07:10.940+00:00","source":{"id":"0","name":"eventBus"}}
{"__type":"$$EventMessageWorkflow","id":"44347caa-68b8-46ef-8981-8843589437d8","ts":"2025-10-16T15:07:11.047+00:00","eventName":"n8n.workflow.success","message":"n8n.workflow.success","payload":{"userId":"502c1d89-fd0c-4087-b639-7a8bd12754a8","executionId":"15","success":true,"isManual":true,"workflowId":"U8h3AvWq3o5a744S","workflowName":"My workflow"}}
{"__type":"$$EventMessageConfirm","confirm":"44347caa-68b8-46ef-8981-8843589437d8","ts":"2025-10-16T15:07:11.048+00:00","source":{"id":"0","name":"eventBus"}}
{"__type":"$$EventMessageWorkflow","id":"86eaba62-b33a-444e-a8b4-41a80981e8bb","ts":"2025-10-16T15:08:12.008+00:00","eventName":"n8n.workflow.started","message":"n8n.workflow.started","payload":{"executionId":"16","workflowId":"U8h3AvWq3o5a744S","isManual":false,"workflowName":"My workflow"}}
{"__type":"$$EventMessageConfirm","confirm":"86eaba62-b33a-444e-a8b4-41a80981e8bb","ts":"2025-10-16T15:08:12.036+00:00","source":{"id":"0","name":"eventBus"}}
{"__type":"$$EventMessageNode","id":"5709c3eb-d60e-4908-8aa0-9038be2de15c","ts":"2025-10-16T15:08:12.263+00:00","eventName":"n8n.node.started","message":"n8n.node.started","payload":{"workflowId":"U8h3AvWq3o5a744S","workflowName":"My workflow","executionId":"16","nodeType":"n8n-nodes-base.html","nodeName":"HTML","nodeId":"30007ce3-a9ca-4514-95cf-d8b41c84024f"}}
{"__type":"$$EventMessageConfirm","confirm":"5709c3eb-d60e-4908-8aa0-9038be2de15c","ts":"2025-10-16T15:08:12.269+00:00","source":{"id":"0","name":"eventBus"}}
{"__type":"$$EventMessageNode","id":"d62ad5fe-84a0-4c4e-a5c4-b21a493d1362","ts":"2025-10-16T15:08:18.926+00:00","eventName":"n8n.node.finished","message":"n8n.node.finished","payload":{"workflowId":"U8h3AvWq3o5a744S","workflowName":"My workflow","executionId":"16","nodeType":"n8n-nodes-base.html","nodeName":"HTML","nodeId":"30007ce3-a9ca-4514-95cf-d8b41c84024f"}}
{"__type":"$$EventMessageConfirm","confirm":"d62ad5fe-84a0-4c4e-a5c4-b21a493d1362","ts":"2025-10-16T15:08:18.926+00:00","source":{"id":"0","name":"eventBus"}}
{"__type":"$$EventMessageWorkflow","id":"a49b66e4-6398-44e6-9917-6158412b54c6","ts":"2025-10-16T15:08:19.029+00:00","eventName":"n8n.workflow.success","message":"n8n.workflow.success","payload":{"userId":"502c1d89-fd0c-4087-b639-7a8bd12754a8","executionId":"16","success":true,"isManual":true,"workflowId":"U8h3AvWq3o5a744S","workflowName":"My workflow"}}
{"__type":"$$EventMessageConfirm","confirm":"a49b66e4-6398-44e6-9917-6158412b54c6","ts":"2025-10-16T15:08:19.030+00:00","source":{"id":"0","name":"eventBus"}}
{"__type":"$$EventMessageWorkflow","id":"3d45c5cd-ed64-4a4e-b55c-ff6110fd8422","ts":"2025-10-16T15:26:13.116+00:00","eventName":"n8n.workflow.started","message":"n8n.workflow.started","payload":{"executionId":"17","workflowId":"U8h3AvWq3o5a744S","isManual":false,"workflowName":"My workflow"}}
{"__type":"$$EventMessageConfirm","confirm":"3d45c5cd-ed64-4a4e-b55c-ff6110fd8422","ts":"2025-10-16T15:26:13.130+00:00","source":{"id":"0","name":"eventBus"}}
{"__type":"$$EventMessageNode","id":"0c1831c4-d0aa-42c3-8da6-f6febfbcd3f8","ts":"2025-10-16T15:26:13.509+00:00","eventName":"n8n.node.started","message":"n8n.node.started","payload":{"workflowId":"U8h3AvWq3o5a744S","workflowName":"My workflow","executionId":"17","nodeType":"n8n-nodes-base.code","nodeName":"Code in JavaScript","nodeId":"ee1ba4ff-5db5-4d0a-a723-4ec9d0d2c7cf"}}
{"__type":"$$EventMessageConfirm","confirm":"0c1831c4-d0aa-42c3-8da6-f6febfbcd3f8","ts":"2025-10-16T15:26:13.509+00:00","source":{"id":"0","name":"eventBus"}}
{"__type":"$$EventMessageNode","id":"c90a6fae-e7f3-420a-ad6f-6d35cacb42fe","ts":"2025-10-16T11:26:15.388-04:00","eventName":"n8n.node.finished","message":"n8n.node.finished","payload":{"workflowId":"U8h3AvWq3o5a744S","workflowName":"My workflow","executionId":"17","nodeType":"n8n-nodes-base.code","nodeName":"Code in JavaScript","nodeId":"ee1ba4ff-5db5-4d0a-a723-4ec9d0d2c7cf"}}
{"__type":"$$EventMessageConfirm","confirm":"c90a6fae-e7f3-420a-ad6f-6d35cacb42fe","ts":"2025-10-16T11:26:15.389-04:00","source":{"id":"0","name":"eventBus"}}
{"__type":"$$EventMessageWorkflow","id":"66ddb404-2364-416f-a159-631fd1a4b317","ts":"2025-10-16T11:26:15.557-04:00","eventName":"n8n.workflow.success","message":"n8n.workflow.success","payload":{"userId":"502c1d89-fd0c-4087-b639-7a8bd12754a8","executionId":"17","success":true,"isManual":true,"workflowId":"U8h3AvWq3o5a744S","workflowName":"My workflow"}}
{"__type":"$$EventMessageConfirm","confirm":"66ddb404-2364-416f-a159-631fd1a4b317","ts":"2025-10-16T11:26:15.558-04:00","source":{"id":"0","name":"eventBus"}}
{"__type":"$$EventMessageWorkflow","id":"ab30ea7c-e31e-43be-9c29-8982dbf16ebc","ts":"2025-10-16T11:27:20.188-04:00","eventName":"n8n.workflow.started","message":"n8n.workflow.started","payload":{"executionId":"18","workflowId":"U8h3AvWq3o5a744S","isManual":false,"workflowName":"My workflow"}}
{"__type":"$$EventMessageConfirm","confirm":"ab30ea7c-e31e-43be-9c29-8982dbf16ebc","ts":"2025-10-16T11:27:20.200-04:00","source":{"id":"0","name":"eventBus"}}
{"__type":"$$EventMessageNode","id":"62736135-d450-427e-a0b4-85fd81b945c5","ts":"2025-10-16T11:27:20.360-04:00","eventName":"n8n.node.started","message":"n8n.node.started","payload":{"workflowId":"U8h3AvWq3o5a744S","workflowName":"My workflow","executionId":"18","nodeType":"n8n-nodes-base.limit","nodeName":"Limit","nodeId":"71d88f96-c610-461e-b6fb-0c84833cbe07"}}
{"__type":"$$EventMessageConfirm","confirm":"62736135-d450-427e-a0b4-85fd81b945c5","ts":"2025-10-16T11:27:20.360-04:00","source":{"id":"0","name":"eventBus"}}
{"__type":"$$EventMessageNode","id":"907dafba-7092-476c-86b0-7463c82bfe5c","ts":"2025-10-16T11:27:20.520-04:00","eventName":"n8n.node.finished","message":"n8n.node.finished","payload":{"workflowId":"U8h3AvWq3o5a744S","workflowName":"My workflow","executionId":"18","nodeType":"n8n-nodes-base.limit","nodeName":"Limit","nodeId":"71d88f96-c610-461e-b6fb-0c84833cbe07"}}
{"__type":"$$EventMessageConfirm","confirm":"907dafba-7092-476c-86b0-7463c82bfe5c","ts":"2025-10-16T11:27:20.520-04:00","source":{"id":"0","name":"eventBus"}}
{"__type":"$$EventMessageWorkflow","id":"259604a2-42e0-4431-886b-f0a6a84f4b51","ts":"2025-10-16T11:27:20.857-04:00","eventName":"n8n.workflow.success","message":"n8n.workflow.success","payload":{"userId":"502c1d89-fd0c-4087-b639-7a8bd12754a8","executionId":"18","success":true,"isManual":true,"workflowId":"U8h3AvWq3o5a744S","workflowName":"My workflow"}}
{"__type":"$$EventMessageConfirm","confirm":"259604a2-42e0-4431-886b-f0a6a84f4b51","ts":"2025-10-16T11:27:20.858-04:00","source":{"id":"0","name":"eventBus"}}
{"__type":"$$EventMessageAudit","id":"094172c6-559f-4282-855b-31143b843d8a","ts":"2025-10-16T11:30:21.764-04:00","eventName":"n8n.audit.user.credentials.created","message":"n8n.audit.user.credentials.created","payload":{"userId":"502c1d89-fd0c-4087-b639-7a8bd12754a8","_email":"laytonjhon0@gmail.com","_firstName":"Brandon","_lastName":"Layton","globalRole":"global:owner","credentialType":"slackApi","credentialId":"k1h3a5YHTbKRS4C3","publicApi":false,"projectId":"0HGggqYLeJtGSoKs","projectType":"personal"}}
{"__type":"$$EventMessageConfirm","confirm":"094172c6-559f-4282-855b-31143b843d8a","ts":"2025-10-16T11:30:21.804-04:00","source":{"id":"0","name":"eventBus"}}
{"__type":"$$EventMessageWorkflow","id":"aef5ec09-c14c-482a-b97e-1217fe3f27ca","ts":"2025-10-16T11:38:42.742-04:00","eventName":"n8n.workflow.started","message":"n8n.workflow.started","payload":{"executionId":"19","workflowId":"U8h3AvWq3o5a744S","isManual":false,"workflowName":"My workflow"}}
{"__type":"$$EventMessageConfirm","confirm":"aef5ec09-c14c-482a-b97e-1217fe3f27ca","ts":"2025-10-16T11:38:42.767-04:00","source":{"id":"0","name":"eventBus"}}
{"__type":"$$EventMessageNode","id":"6e5a719b-a624-49ab-b36d-a4ef74337058","ts":"2025-10-16T11:38:42.967-04:00","eventName":"n8n.node.started","message":"n8n.node.started","payload":{"workflowId":"U8h3AvWq3o5a744S","workflowName":"My workflow","executionId":"19","nodeType":"n8n-nodes-base.slack","nodeName":"Send a message","nodeId":"ced942b3-cf45-4fa7-a527-d0378cb77091"}}
{"__type":"$$EventMessageConfirm","confirm":"6e5a719b-a624-49ab-b36d-a4ef74337058","ts":"2025-10-16T11:38:42.969-04:00","source":{"id":"0","name":"eventBus"}}
{"__type":"$$EventMessageNode","id":"b341a55e-5d0d-410c-8191-8226c9c2614f","ts":"2025-10-16T11:38:44.986-04:00","eventName":"n8n.node.finished","message":"n8n.node.finished","payload":{"workflowId":"U8h3AvWq3o5a744S","workflowName":"My workflow","executionId":"19","nodeType":"n8n-nodes-base.slack","nodeName":"Send a message","nodeId":"ced942b3-cf45-4fa7-a527-d0378cb77091"}}
{"__type":"$$EventMessageConfirm","confirm":"b341a55e-5d0d-410c-8191-8226c9c2614f","ts":"2025-10-16T11:38:44.986-04:00","source":{"id":"0","name":"eventBus"}}
{"__type":"$$EventMessageWorkflow","id":"d7d4dab3-49dd-40cf-b214-f4b404718087","ts":"2025-10-16T11:38:45.118-04:00","eventName":"n8n.workflow.failed","message":"n8n.workflow.failed","payload":{"userId":"502c1d89-fd0c-4087-b639-7a8bd12754a8","executionId":"19","success":false,"isManual":true,"workflowId":"U8h3AvWq3o5a744S","workflowName":"My workflow","lastNodeExecuted":"Send a message","errorNodeType":"n8n-nodes-base.slack","errorMessage":"Slack error response: \"invalid_auth\""}}
{"__type":"$$EventMessageConfirm","confirm":"d7d4dab3-49dd-40cf-b214-f4b404718087","ts":"2025-10-16T11:38:45.119-04:00","source":{"id":"0","name":"eventBus"}}
{"__type":"$$EventMessageAudit","id":"861c4346-eedd-4ae7-b30d-7f0876c99bfc","ts":"2025-10-16T11:51:10.427-04:00","eventName":"n8n.audit.user.credentials.created","message":"n8n.audit.user.credentials.created","payload":{"userId":"502c1d89-fd0c-4087-b639-7a8bd12754a8","_email":"laytonjhon0@gmail.com","_firstName":"Brandon","_lastName":"Layton","globalRole":"global:owner","credentialType":"slackApi","credentialId":"GGOF9HOtPHDHMIHj","publicApi":false,"projectId":"0HGggqYLeJtGSoKs","projectType":"personal"}}
{"__type":"$$EventMessageConfirm","confirm":"861c4346-eedd-4ae7-b30d-7f0876c99bfc","ts":"2025-10-16T11:51:10.449-04:00","source":{"id":"0","name":"eventBus"}}
{"__type":"$$EventMessageAudit","id":"8c190f93-c25a-48ba-8b9a-fa8b2751ac20","ts":"2025-10-16T11:52:38.080-04:00","eventName":"n8n.audit.user.credentials.updated","message":"n8n.audit.user.credentials.updated","payload":{"userId":"502c1d89-fd0c-4087-b639-7a8bd12754a8","_email":"laytonjhon0@gmail.com","_firstName":"Brandon","_lastName":"Layton","globalRole":"global:owner","credentialType":"slackApi","credentialId":"GGOF9HOtPHDHMIHj"}}
{"__type":"$$EventMessageConfirm","confirm":"8c190f93-c25a-48ba-8b9a-fa8b2751ac20","ts":"2025-10-16T11:52:38.117-04:00","source":{"id":"0","name":"eventBus"}}
{"__type":"$$EventMessageWorkflow","id":"afcb8714-84ff-42d4-a0a6-c61d8fd77ea9","ts":"2025-10-16T11:53:06.347-04:00","eventName":"n8n.workflow.started","message":"n8n.workflow.started","payload":{"executionId":"20","workflowId":"U8h3AvWq3o5a744S","isManual":false,"workflowName":"My workflow"}}
{"__type":"$$EventMessageConfirm","confirm":"afcb8714-84ff-42d4-a0a6-c61d8fd77ea9","ts":"2025-10-16T11:53:06.355-04:00","source":{"id":"0","name":"eventBus"}}
{"__type":"$$EventMessageNode","id":"ca19101c-30d6-4eeb-b8a7-86ef39c2dc56","ts":"2025-10-16T11:53:06.790-04:00","eventName":"n8n.node.started","message":"n8n.node.started","payload":{"workflowId":"U8h3AvWq3o5a744S","workflowName":"My workflow","executionId":"20","nodeType":"n8n-nodes-base.slack","nodeName":"Send a message","nodeId":"ced942b3-cf45-4fa7-a527-d0378cb77091"}}
{"__type":"$$EventMessageConfirm","confirm":"ca19101c-30d6-4eeb-b8a7-86ef39c2dc56","ts":"2025-10-16T11:53:06.796-04:00","source":{"id":"0","name":"eventBus"}}
{"__type":"$$EventMessageNode","id":"a50c1a0d-272e-43b8-a1d0-692b633ff1f3","ts":"2025-10-16T11:53:10.777-04:00","eventName":"n8n.node.finished","message":"n8n.node.finished","payload":{"workflowId":"U8h3AvWq3o5a744S","workflowName":"My workflow","executionId":"20","nodeType":"n8n-nodes-base.slack","nodeName":"Send a message","nodeId":"ced942b3-cf45-4fa7-a527-d0378cb77091"}}
{"__type":"$$EventMessageConfirm","confirm":"a50c1a0d-272e-43b8-a1d0-692b633ff1f3","ts":"2025-10-16T11:53:10.777-04:00","source":{"id":"0","name":"eventBus"}}
{"__type":"$$EventMessageWorkflow","id":"d3740888-df34-4e27-9b24-8d7cff6b051a","ts":"2025-10-16T11:53:11.110-04:00","eventName":"n8n.workflow.failed","message":"n8n.workflow.failed","payload":{"userId":"502c1d89-fd0c-4087-b639-7a8bd12754a8","executionId":"20","success":false,"isManual":true,"workflowId":"U8h3AvWq3o5a744S","workflowName":"My workflow","lastNodeExecuted":"Send a message","errorNodeType":"n8n-nodes-base.slack","errorMessage":"Your Slack credential is missing required Oauth Scopes"}}
{"__type":"$$EventMessageConfirm","confirm":"d3740888-df34-4e27-9b24-8d7cff6b051a","ts":"2025-10-16T11:53:11.113-04:00","source":{"id":"0","name":"eventBus"}}
{"__type":"$$EventMessageWorkflow","id":"b3c81e19-4ba3-4b13-9150-8d97b1aeaef8","ts":"2025-10-16T11:54:22.351-04:00","eventName":"n8n.workflow.started","message":"n8n.workflow.started","payload":{"executionId":"21","workflowId":"U8h3AvWq3o5a744S","isManual":false,"workflowName":"My workflow"}}
{"__type":"$$EventMessageConfirm","confirm":"b3c81e19-4ba3-4b13-9150-8d97b1aeaef8","ts":"2025-10-16T11:54:22.360-04:00","source":{"id":"0","name":"eventBus"}}
{"__type":"$$EventMessageNode","id":"d8219e2c-d1e1-4ab6-b273-e9a40268eb4a","ts":"2025-10-16T11:54:22.494-04:00","eventName":"n8n.node.started","message":"n8n.node.started","payload":{"workflowId":"U8h3AvWq3o5a744S","workflowName":"My workflow","executionId":"21","nodeType":"n8n-nodes-base.slack","nodeName":"Send a message","nodeId":"ced942b3-cf45-4fa7-a527-d0378cb77091"}}
{"__type":"$$EventMessageConfirm","confirm":"d8219e2c-d1e1-4ab6-b273-e9a40268eb4a","ts":"2025-10-16T11:54:22.495-04:00","source":{"id":"0","name":"eventBus"}}
{"__type":"$$EventMessageNode","id":"acd86074-fc2d-4d5c-9bcd-dc40f4383eaa","ts":"2025-10-16T11:54:28.475-04:00","eventName":"n8n.node.finished","message":"n8n.node.finished","payload":{"workflowId":"U8h3AvWq3o5a744S","workflowName":"My workflow","executionId":"21","nodeType":"n8n-nodes-base.slack","nodeName":"Send a message","nodeId":"ced942b3-cf45-4fa7-a527-d0378cb77091"}}
{"__type":"$$EventMessageConfirm","confirm":"acd86074-fc2d-4d5c-9bcd-dc40f4383eaa","ts":"2025-10-16T11:54:28.475-04:00","source":{"id":"0","name":"eventBus"}}
{"__type":"$$EventMessageWorkflow","id":"cb257f9a-039d-44d9-967f-9186b380f976","ts":"2025-10-16T11:54:28.758-04:00","eventName":"n8n.workflow.failed","message":"n8n.workflow.failed","payload":{"userId":"502c1d89-fd0c-4087-b639-7a8bd12754a8","executionId":"21","success":false,"isManual":true,"workflowId":"U8h3AvWq3o5a744S","workflowName":"My workflow","lastNodeExecuted":"Send a message","errorNodeType":"n8n-nodes-base.slack","errorMessage":"Your Slack credential is missing required Oauth Scopes"}}
{"__type":"$$EventMessageConfirm","confirm":"cb257f9a-039d-44d9-967f-9186b380f976","ts":"2025-10-16T11:54:28.759-04:00","source":{"id":"0","name":"eventBus"}}
{"__type":"$$EventMessageWorkflow","id":"d890ced5-52e1-4f72-865d-ec2651439e34","ts":"2025-10-16T11:57:21.557-04:00","eventName":"n8n.workflow.started","message":"n8n.workflow.started","payload":{"executionId":"22","workflowId":"U8h3AvWq3o5a744S","isManual":false,"workflowName":"My workflow"}}
{"__type":"$$EventMessageConfirm","confirm":"d890ced5-52e1-4f72-865d-ec2651439e34","ts":"2025-10-16T11:57:21.568-04:00","source":{"id":"0","name":"eventBus"}}
{"__type":"$$EventMessageNode","id":"1bea8284-b46a-4e0d-8b24-9ba2eab304b3","ts":"2025-10-16T11:57:21.998-04:00","eventName":"n8n.node.started","message":"n8n.node.started","payload":{"workflowId":"U8h3AvWq3o5a744S","workflowName":"My workflow","executionId":"22","nodeType":"n8n-nodes-base.slack","nodeName":"Send a message","nodeId":"ced942b3-cf45-4fa7-a527-d0378cb77091"}}
{"__type":"$$EventMessageConfirm","confirm":"1bea8284-b46a-4e0d-8b24-9ba2eab304b3","ts":"2025-10-16T11:57:21.998-04:00","source":{"id":"0","name":"eventBus"}}
{"__type":"$$EventMessageNode","id":"3c388c1f-79e5-4d15-93eb-c257cac8651d","ts":"2025-10-16T11:57:31.459-04:00","eventName":"n8n.node.finished","message":"n8n.node.finished","payload":{"workflowId":"U8h3AvWq3o5a744S","workflowName":"My workflow","executionId":"22","nodeType":"n8n-nodes-base.slack","nodeName":"Send a message","nodeId":"ced942b3-cf45-4fa7-a527-d0378cb77091"}}
{"__type":"$$EventMessageConfirm","confirm":"3c388c1f-79e5-4d15-93eb-c257cac8651d","ts":"2025-10-16T11:57:31.461-04:00","source":{"id":"0","name":"eventBus"}}
{"__type":"$$EventMessageWorkflow","id":"69b1d3f6-7103-4576-b3bb-13fde399f12e","ts":"2025-10-16T11:57:31.815-04:00","eventName":"n8n.workflow.failed","message":"n8n.workflow.failed","payload":{"userId":"502c1d89-fd0c-4087-b639-7a8bd12754a8","executionId":"22","success":false,"isManual":true,"workflowId":"U8h3AvWq3o5a744S","workflowName":"My workflow","lastNodeExecuted":"Send a message","errorNodeType":"n8n-nodes-base.slack","errorMessage":"Your Slack credential is missing required Oauth Scopes"}}
{"__type":"$$EventMessageConfirm","confirm":"69b1d3f6-7103-4576-b3bb-13fde399f12e","ts":"2025-10-16T11:57:31.845-04:00","source":{"id":"0","name":"eventBus"}}
{"__type":"$$EventMessageAudit","id":"7a4a23e1-8274-4b7f-a594-8e8d35aed470","ts":"2025-10-16T11:57:51.528-04:00","eventName":"n8n.audit.user.credentials.updated","message":"n8n.audit.user.credentials.updated","payload":{"userId":"502c1d89-fd0c-4087-b639-7a8bd12754a8","_email":"laytonjhon0@gmail.com","_firstName":"Brandon","_lastName":"Layton","globalRole":"global:owner","credentialType":"slackApi","credentialId":"GGOF9HOtPHDHMIHj"}}
{"__type":"$$EventMessageConfirm","confirm":"7a4a23e1-8274-4b7f-a594-8e8d35aed470","ts":"2025-10-16T11:57:51.531-04:00","source":{"id":"0","name":"eventBus"}}
{"__type":"$$EventMessageWorkflow","id":"f673b0e8-ecbe-4091-884d-e22249ea81db","ts":"2025-10-16T11:58:00.852-04:00","eventName":"n8n.workflow.started","message":"n8n.workflow.started","payload":{"executionId":"23","workflowId":"U8h3AvWq3o5a744S","isManual":false,"workflowName":"My workflow"}}
{"__type":"$$EventMessageConfirm","confirm":"f673b0e8-ecbe-4091-884d-e22249ea81db","ts":"2025-10-16T11:58:00.853-04:00","source":{"id":"0","name":"eventBus"}}
{"__type":"$$EventMessageNode","id":"7889079c-3300-4fd1-aa8f-d315b8825804","ts":"2025-10-16T11:58:01.065-04:00","eventName":"n8n.node.started","message":"n8n.node.started","payload":{"workflowId":"U8h3AvWq3o5a744S","workflowName":"My workflow","executionId":"23","nodeType":"n8n-nodes-base.slack","nodeName":"Send a message","nodeId":"ced942b3-cf45-4fa7-a527-d0378cb77091"}}
{"__type":"$$EventMessageConfirm","confirm":"7889079c-3300-4fd1-aa8f-d315b8825804","ts":"2025-10-16T11:58:01.066-04:00","source":{"id":"0","name":"eventBus"}}
{"__type":"$$EventMessageNode","id":"978d4bca-05fe-4c60-9f91-4b7ba007ddc1","ts":"2025-10-16T11:58:03.173-04:00","eventName":"n8n.node.finished","message":"n8n.node.finished","payload":{"workflowId":"U8h3AvWq3o5a744S","workflowName":"My workflow","executionId":"23","nodeType":"n8n-nodes-base.slack","nodeName":"Send a message","nodeId":"ced942b3-cf45-4fa7-a527-d0378cb77091"}}
{"__type":"$$EventMessageConfirm","confirm":"978d4bca-05fe-4c60-9f91-4b7ba007ddc1","ts":"2025-10-16T11:58:03.173-04:00","source":{"id":"0","name":"eventBus"}}
{"__type":"$$EventMessageWorkflow","id":"34451ad0-7d52-4fcc-b8ff-71787c96fc0d","ts":"2025-10-16T11:58:03.293-04:00","eventName":"n8n.workflow.failed","message":"n8n.workflow.failed","payload":{"userId":"502c1d89-fd0c-4087-b639-7a8bd12754a8","executionId":"23","success":false,"isManual":true,"workflowId":"U8h3AvWq3o5a744S","workflowName":"My workflow","lastNodeExecuted":"Send a message","errorNodeType":"n8n-nodes-base.slack","errorMessage":"Your Slack credential is missing required Oauth Scopes"}}
{"__type":"$$EventMessageConfirm","confirm":"34451ad0-7d52-4fcc-b8ff-71787c96fc0d","ts":"2025-10-16T11:58:03.293-04:00","source":{"id":"0","name":"eventBus"}}
{"__type":"$$EventMessageAudit","id":"1dda6f3c-cdd2-4854-9837-4c5172c55766","ts":"2025-10-16T12:09:42.418-04:00","eventName":"n8n.audit.user.credentials.updated","message":"n8n.audit.user.credentials.updated","payload":{"userId":"502c1d89-fd0c-4087-b639-7a8bd12754a8","_email":"laytonjhon0@gmail.com","_firstName":"Brandon","_lastName":"Layton","globalRole":"global:owner","credentialType":"slackApi","credentialId":"GGOF9HOtPHDHMIHj"}}
{"__type":"$$EventMessageConfirm","confirm":"1dda6f3c-cdd2-4854-9837-4c5172c55766","ts":"2025-10-16T12:09:42.440-04:00","source":{"id":"0","name":"eventBus"}}
{"__type":"$$EventMessageWorkflow","id":"cc381603-fedd-4a8e-a613-0fd5910795a5","ts":"2025-10-16T12:10:07.464-04:00","eventName":"n8n.workflow.started","message":"n8n.workflow.started","payload":{"executionId":"24","workflowId":"U8h3AvWq3o5a744S","isManual":false,"workflowName":"My workflow"}}
{"__type":"$$EventMessageConfirm","confirm":"cc381603-fedd-4a8e-a613-0fd5910795a5","ts":"2025-10-16T12:10:07.488-04:00","source":{"id":"0","name":"eventBus"}}
{"__type":"$$EventMessageNode","id":"f9bd6233-f96e-4a20-893a-2c5a11401d34","ts":"2025-10-16T12:10:07.796-04:00","eventName":"n8n.node.started","message":"n8n.node.started","payload":{"workflowId":"U8h3AvWq3o5a744S","workflowName":"My workflow","executionId":"24","nodeType":"n8n-nodes-base.slack","nodeName":"Send a message","nodeId":"ced942b3-cf45-4fa7-a527-d0378cb77091"}}
{"__type":"$$EventMessageConfirm","confirm":"f9bd6233-f96e-4a20-893a-2c5a11401d34","ts":"2025-10-16T12:10:07.799-04:00","source":{"id":"0","name":"eventBus"}}
{"__type":"$$EventMessageNode","id":"bda12cdc-69d6-4fc1-825c-d9597515a848","ts":"2025-10-16T12:10:08.998-04:00","eventName":"n8n.node.finished","message":"n8n.node.finished","payload":{"workflowId":"U8h3AvWq3o5a744S","workflowName":"My workflow","executionId":"24","nodeType":"n8n-nodes-base.slack","nodeName":"Send a message","nodeId":"ced942b3-cf45-4fa7-a527-d0378cb77091"}}
{"__type":"$$EventMessageConfirm","confirm":"bda12cdc-69d6-4fc1-825c-d9597515a848","ts":"2025-10-16T12:10:08.998-04:00","source":{"id":"0","name":"eventBus"}}
{"__type":"$$EventMessageWorkflow","id":"6056c5d0-7e89-49d9-a297-104acc9b6632","ts":"2025-10-16T12:10:09.164-04:00","eventName":"n8n.workflow.failed","message":"n8n.workflow.failed","payload":{"userId":"502c1d89-fd0c-4087-b639-7a8bd12754a8","executionId":"24","success":false,"isManual":true,"workflowId":"U8h3AvWq3o5a744S","workflowName":"My workflow","lastNodeExecuted":"Send a message","errorNodeType":"n8n-nodes-base.slack","errorMessage":"Slack error response: \"not_in_channel\""}}
{"__type":"$$EventMessageConfirm","confirm":"6056c5d0-7e89-49d9-a297-104acc9b6632","ts":"2025-10-16T12:10:09.165-04:00","source":{"id":"0","name":"eventBus"}}
{"__type":"$$EventMessageAudit","id":"521fe49a-dd1b-4af1-b380-66067971ccfd","ts":"2025-10-16T12:15:41.906-04:00","eventName":"n8n.audit.user.credentials.created","message":"n8n.audit.user.credentials.created","payload":{"userId":"502c1d89-fd0c-4087-b639-7a8bd12754a8","_email":"laytonjhon0@gmail.com","_firstName":"Brandon","_lastName":"Layton","globalRole":"global:owner","credentialType":"slackApi","credentialId":"YtQvaJ9jEYw8dyIs","publicApi":false,"projectId":"0HGggqYLeJtGSoKs","projectType":"personal"}}
{"__type":"$$EventMessageConfirm","confirm":"521fe49a-dd1b-4af1-b380-66067971ccfd","ts":"2025-10-16T12:15:42.907-04:00","source":{"id":"0","name":"eventBus"}}
{"__type":"$$EventMessageWorkflow","id":"30b23ad7-c476-4fb3-9f49-5f8cfbe077d0","ts":"2025-10-16T12:16:12.352-04:00","eventName":"n8n.workflow.started","message":"n8n.workflow.started","payload":{"executionId":"25","workflowId":"U8h3AvWq3o5a744S","isManual":false,"workflowName":"My workflow"}}
{"__type":"$$EventMessageConfirm","confirm":"30b23ad7-c476-4fb3-9f49-5f8cfbe077d0","ts":"2025-10-16T12:16:12.359-04:00","source":{"id":"0","name":"eventBus"}}
{"__type":"$$EventMessageNode","id":"01bca36d-f6e0-47aa-b58e-bad77803fbe4","ts":"2025-10-16T12:16:12.643-04:00","eventName":"n8n.node.started","message":"n8n.node.started","payload":{"workflowId":"U8h3AvWq3o5a744S","workflowName":"My workflow","executionId":"25","nodeType":"n8n-nodes-base.slack","nodeName":"Send a message","nodeId":"ced942b3-cf45-4fa7-a527-d0378cb77091"}}
{"__type":"$$EventMessageConfirm","confirm":"01bca36d-f6e0-47aa-b58e-bad77803fbe4","ts":"2025-10-16T12:16:12.643-04:00","source":{"id":"0","name":"eventBus"}}
{"__type":"$$EventMessageNode","id":"f826e0cb-259f-41ab-a4a5-d5ec61d4419c","ts":"2025-10-16T12:16:17.423-04:00","eventName":"n8n.node.finished","message":"n8n.node.finished","payload":{"workflowId":"U8h3AvWq3o5a744S","workflowName":"My workflow","executionId":"25","nodeType":"n8n-nodes-base.slack","nodeName":"Send a message","nodeId":"ced942b3-cf45-4fa7-a527-d0378cb77091"}}
{"__type":"$$EventMessageConfirm","confirm":"f826e0cb-259f-41ab-a4a5-d5ec61d4419c","ts":"2025-10-16T12:16:17.423-04:00","source":{"id":"0","name":"eventBus"}}
{"__type":"$$EventMessageWorkflow","id":"ff104d11-463c-44d1-a5ab-92d1be82284c","ts":"2025-10-16T12:16:17.453-04:00","eventName":"n8n.workflow.success","message":"n8n.workflow.success","payload":{"userId":"502c1d89-fd0c-4087-b639-7a8bd12754a8","executionId":"25","success":true,"isManual":true,"workflowId":"U8h3AvWq3o5a744S","workflowName":"My workflow"}}
{"__type":"$$EventMessageConfirm","confirm":"ff104d11-463c-44d1-a5ab-92d1be82284c","ts":"2025-10-16T12:16:17.453-04:00","source":{"id":"0","name":"eventBus"}}
{"__type":"$$EventMessageWorkflow","id":"b28b6b0c-eadb-4915-8e84-9678076d1cb4","ts":"2025-10-16T12:19:41.408-04:00","eventName":"n8n.workflow.started","message":"n8n.workflow.started","payload":{"executionId":"26","workflowId":"U8h3AvWq3o5a744S","isManual":false,"workflowName":"My workflow"}}
{"__type":"$$EventMessageConfirm","confirm":"b28b6b0c-eadb-4915-8e84-9678076d1cb4","ts":"2025-10-16T12:19:41.417-04:00","source":{"id":"0","name":"eventBus"}}
{"__type":"$$EventMessageNode","id":"e1dbb974-a4a7-4284-ba70-72ccb26ee95f","ts":"2025-10-16T12:19:42.200-04:00","eventName":"n8n.node.started","message":"n8n.node.started","payload":{"workflowId":"U8h3AvWq3o5a744S","workflowName":"My workflow","executionId":"26","nodeType":"n8n-nodes-base.slack","nodeName":"Send a message","nodeId":"ced942b3-cf45-4fa7-a527-d0378cb77091"}}
{"__type":"$$EventMessageConfirm","confirm":"e1dbb974-a4a7-4284-ba70-72ccb26ee95f","ts":"2025-10-16T12:19:42.200-04:00","source":{"id":"0","name":"eventBus"}}
{"__type":"$$EventMessageNode","id":"8b2d5980-7bf2-4836-a3a8-1009b954777f","ts":"2025-10-16T12:19:47.853-04:00","eventName":"n8n.node.finished","message":"n8n.node.finished","payload":{"workflowId":"U8h3AvWq3o5a744S","workflowName":"My workflow","executionId":"26","nodeType":"n8n-nodes-base.slack","nodeName":"Send a message","nodeId":"ced942b3-cf45-4fa7-a527-d0378cb77091"}}
{"__type":"$$EventMessageConfirm","confirm":"8b2d5980-7bf2-4836-a3a8-1009b954777f","ts":"2025-10-16T12:19:47.868-04:00","source":{"id":"0","name":"eventBus"}}
{"__type":"$$EventMessageWorkflow","id":"d1bb4efa-b0ef-4431-8c23-a52f4eb40f9f","ts":"2025-10-16T12:19:48.387-04:00","eventName":"n8n.workflow.success","message":"n8n.workflow.success","payload":{"userId":"502c1d89-fd0c-4087-b639-7a8bd12754a8","executionId":"26","success":true,"isManual":true,"workflowId":"U8h3AvWq3o5a744S","workflowName":"My workflow"}}
{"__type":"$$EventMessageConfirm","confirm":"d1bb4efa-b0ef-4431-8c23-a52f4eb40f9f","ts":"2025-10-16T12:19:48.387-04:00","source":{"id":"0","name":"eventBus"}}
{"__type":"$$EventMessageWorkflow","id":"8bba619e-a5fe-44f0-9a58-9cbe9f6620a0","ts":"2025-10-16T12:22:56.728-04:00","eventName":"n8n.workflow.started","message":"n8n.workflow.started","payload":{"executionId":"27","workflowId":"U8h3AvWq3o5a744S","isManual":false,"workflowName":"My workflow"}}
{"__type":"$$EventMessageConfirm","confirm":"8bba619e-a5fe-44f0-9a58-9cbe9f6620a0","ts":"2025-10-16T12:22:56.740-04:00","source":{"id":"0","name":"eventBus"}}
{"__type":"$$EventMessageNode","id":"76e89f46-692f-479c-a0b4-9e9ee8e2d4ad","ts":"2025-10-16T12:22:56.765-04:00","eventName":"n8n.node.started","message":"n8n.node.started","payload":{"workflowId":"U8h3AvWq3o5a744S","workflowName":"My workflow","executionId":"27","nodeType":"n8n-nodes-base.scheduleTrigger","nodeName":"Schedule Trigger","nodeId":"55b7430f-1d1b-43ed-a905-99b964ddae88"}}
{"__type":"$$EventMessageConfirm","confirm":"76e89f46-692f-479c-a0b4-9e9ee8e2d4ad","ts":"2025-10-16T12:22:56.766-04:00","source":{"id":"0","name":"eventBus"}}
{"__type":"$$EventMessageNode","id":"ef96925c-cc42-4ea3-b51e-52a1e6b92552","ts":"2025-10-16T12:22:57.319-04:00","eventName":"n8n.node.finished","message":"n8n.node.finished","payload":{"workflowId":"U8h3AvWq3o5a744S","workflowName":"My workflow","executionId":"27","nodeType":"n8n-nodes-base.scheduleTrigger","nodeName":"Schedule Trigger","nodeId":"55b7430f-1d1b-43ed-a905-99b964ddae88"}}
{"__type":"$$EventMessageConfirm","confirm":"ef96925c-cc42-4ea3-b51e-52a1e6b92552","ts":"2025-10-16T12:22:57.320-04:00","source":{"id":"0","name":"eventBus"}}
{"__type":"$$EventMessageNode","id":"9fd2b511-3b39-4ce0-86a8-97acd47c2dca","ts":"2025-10-16T12:22:57.401-04:00","eventName":"n8n.node.started","message":"n8n.node.started","payload":{"workflowId":"U8h3AvWq3o5a744S","workflowName":"My workflow","executionId":"27","nodeType":"n8n-nodes-base.httpRequest","nodeName":"HTTP Request","nodeId":"4c35e09c-0f00-47fd-8965-7776cb24c497"}}
{"__type":"$$EventMessageConfirm","confirm":"9fd2b511-3b39-4ce0-86a8-97acd47c2dca","ts":"2025-10-16T12:22:57.402-04:00","source":{"id":"0","name":"eventBus"}}
{"__type":"$$EventMessageNode","id":"a51c75bc-958e-44bf-8a75-66e36911c3c4","ts":"2025-10-16T12:22:59.731-04:00","eventName":"n8n.node.finished","message":"n8n.node.finished","payload":{"workflowId":"U8h3AvWq3o5a744S","workflowName":"My workflow","executionId":"27","nodeType":"n8n-nodes-base.httpRequest","nodeName":"HTTP Request","nodeId":"4c35e09c-0f00-47fd-8965-7776cb24c497"}}
{"__type":"$$EventMessageConfirm","confirm":"a51c75bc-958e-44bf-8a75-66e36911c3c4","ts":"2025-10-16T12:22:59.731-04:00","source":{"id":"0","name":"eventBus"}}
{"__type":"$$EventMessageNode","id":"96990e30-039f-4cb2-8780-51ee31a4c767","ts":"2025-10-16T12:22:59.827-04:00","eventName":"n8n.node.started","message":"n8n.node.started","payload":{"workflowId":"U8h3AvWq3o5a744S","workflowName":"My workflow","executionId":"27","nodeType":"n8n-nodes-base.html","nodeName":"HTML","nodeId":"30007ce3-a9ca-4514-95cf-d8b41c84024f"}}
{"__type":"$$EventMessageConfirm","confirm":"96990e30-039f-4cb2-8780-51ee31a4c767","ts":"2025-10-16T12:22:59.828-04:00","source":{"id":"0","name":"eventBus"}}
{"__type":"$$EventMessageNode","id":"32851b8f-bad6-4aaf-abfc-89f521ca27f2","ts":"2025-10-16T12:23:06.320-04:00","eventName":"n8n.node.finished","message":"n8n.node.finished","payload":{"workflowId":"U8h3AvWq3o5a744S","workflowName":"My workflow","executionId":"27","nodeType":"n8n-nodes-base.html","nodeName":"HTML","nodeId":"30007ce3-a9ca-4514-95cf-d8b41c84024f"}}
{"__type":"$$EventMessageConfirm","confirm":"32851b8f-bad6-4aaf-abfc-89f521ca27f2","ts":"2025-10-16T12:23:06.320-04:00","source":{"id":"0","name":"eventBus"}}
{"__type":"$$EventMessageNode","id":"9e95af0a-3331-4976-aa05-4fc3d4972db3","ts":"2025-10-16T12:23:06.326-04:00","eventName":"n8n.node.started","message":"n8n.node.started","payload":{"workflowId":"U8h3AvWq3o5a744S","workflowName":"My workflow","executionId":"27","nodeType":"n8n-nodes-base.code","nodeName":"Code in JavaScript","nodeId":"ee1ba4ff-5db5-4d0a-a723-4ec9d0d2c7cf"}}
{"__type":"$$EventMessageConfirm","confirm":"9e95af0a-3331-4976-aa05-4fc3d4972db3","ts":"2025-10-16T12:23:06.326-04:00","source":{"id":"0","name":"eventBus"}}
{"__type":"$$EventMessageNode","id":"9aa83a1c-0042-4319-a865-8e164e8e3d17","ts":"2025-10-16T12:23:06.531-04:00","eventName":"n8n.node.finished","message":"n8n.node.finished","payload":{"workflowId":"U8h3AvWq3o5a744S","workflowName":"My workflow","executionId":"27","nodeType":"n8n-nodes-base.code","nodeName":"Code in JavaScript","nodeId":"ee1ba4ff-5db5-4d0a-a723-4ec9d0d2c7cf"}}
{"__type":"$$EventMessageConfirm","confirm":"9aa83a1c-0042-4319-a865-8e164e8e3d17","ts":"2025-10-16T12:23:06.532-04:00","source":{"id":"0","name":"eventBus"}}
{"__type":"$$EventMessageNode","id":"3c34f664-fd4e-451a-aaee-847bc6dc64e1","ts":"2025-10-16T12:23:06.535-04:00","eventName":"n8n.node.started","message":"n8n.node.started","payload":{"workflowId":"U8h3AvWq3o5a744S","workflowName":"My workflow","executionId":"27","nodeType":"n8n-nodes-base.limit","nodeName":"Limit","nodeId":"71d88f96-c610-461e-b6fb-0c84833cbe07"}}
{"__type":"$$EventMessageConfirm","confirm":"3c34f664-fd4e-451a-aaee-847bc6dc64e1","ts":"2025-10-16T12:23:06.535-04:00","source":{"id":"0","name":"eventBus"}}
{"__type":"$$EventMessageNode","id":"0eecd2f2-8fe6-4cfb-b832-a8744f55fff5","ts":"2025-10-16T12:23:06.536-04:00","eventName":"n8n.node.finished","message":"n8n.node.finished","payload":{"workflowId":"U8h3AvWq3o5a744S","workflowName":"My workflow","executionId":"27","nodeType":"n8n-nodes-base.limit","nodeName":"Limit","nodeId":"71d88f96-c610-461e-b6fb-0c84833cbe07"}}
{"__type":"$$EventMessageConfirm","confirm":"0eecd2f2-8fe6-4cfb-b832-a8744f55fff5","ts":"2025-10-16T12:23:06.537-04:00","source":{"id":"0","name":"eventBus"}}
{"__type":"$$EventMessageNode","id":"6b14f672-2a67-484d-a9c5-7788128ea22f","ts":"2025-10-16T12:23:06.549-04:00","eventName":"n8n.node.started","message":"n8n.node.started","payload":{"workflowId":"U8h3AvWq3o5a744S","workflowName":"My workflow","executionId":"27","nodeType":"n8n-nodes-base.slack","nodeName":"Send a message","nodeId":"ced942b3-cf45-4fa7-a527-d0378cb77091"}}
{"__type":"$$EventMessageConfirm","confirm":"6b14f672-2a67-484d-a9c5-7788128ea22f","ts":"2025-10-16T12:23:06.549-04:00","source":{"id":"0","name":"eventBus"}}
{"__type":"$$EventMessageNode","id":"ace24fef-82e0-490b-8c90-255946900f43","ts":"2025-10-16T12:23:10.929-04:00","eventName":"n8n.node.finished","message":"n8n.node.finished","payload":{"workflowId":"U8h3AvWq3o5a744S","workflowName":"My workflow","executionId":"27","nodeType":"n8n-nodes-base.slack","nodeName":"Send a message","nodeId":"ced942b3-cf45-4fa7-a527-d0378cb77091"}}
{"__type":"$$EventMessageConfirm","confirm":"ace24fef-82e0-490b-8c90-255946900f43","ts":"2025-10-16T12:23:10.930-04:00","source":{"id":"0","name":"eventBus"}}
{"__type":"$$EventMessageWorkflow","id":"a514de7a-221f-46c6-a578-77d70ac5fc9c","ts":"2025-10-16T12:23:10.960-04:00","eventName":"n8n.workflow.success","message":"n8n.workflow.success","payload":{"userId":"502c1d89-fd0c-4087-b639-7a8bd12754a8","executionId":"27","success":true,"isManual":true,"workflowId":"U8h3AvWq3o5a744S","workflowName":"My workflow"}}
{"__type":"$$EventMessageConfirm","confirm":"a514de7a-221f-46c6-a578-77d70ac5fc9c","ts":"2025-10-16T12:23:10.960-04:00","source":{"id":"0","name":"eventBus"}}
{"__type":"$$EventMessageAudit","id":"192a1b70-b146-43fc-a17f-ba6c2a92031b","ts":"2025-10-16T12:23:38.031-04:00","eventName":"n8n.audit.workflow.updated","message":"n8n.audit.workflow.updated","payload":{"userId":"502c1d89-fd0c-4087-b639-7a8bd12754a8","_email":"laytonjhon0@gmail.com","_firstName":"Brandon","_lastName":"Layton","globalRole":"global:owner","workflowId":"U8h3AvWq3o5a744S","workflowName":"My workflow"}}
{"__type":"$$EventMessageConfirm","confirm":"192a1b70-b146-43fc-a17f-ba6c2a92031b","ts":"2025-10-16T12:23:38.032-04:00","source":{"id":"0","name":"eventBus"}}
{"__type":"$$EventMessageAudit","id":"7eabb155-320c-4e4f-9cc8-f2dae67e97b0","ts":"2025-10-16T12:24:01.396-04:00","eventName":"n8n.audit.workflow.updated","message":"n8n.audit.workflow.updated","payload":{"userId":"502c1d89-fd0c-4087-b639-7a8bd12754a8","_email":"laytonjhon0@gmail.com","_firstName":"Brandon","_lastName":"Layton","globalRole":"global:owner","workflowId":"U8h3AvWq3o5a744S","workflowName":"My workflow"}}
{"__type":"$$EventMessageConfirm","confirm":"7eabb155-320c-4e4f-9cc8-f2dae67e97b0","ts":"2025-10-16T12:24:01.397-04:00","source":{"id":"0","name":"eventBus"}}
